<?xml version="1.0" encoding="UTF-8"?>
<testng-results ignored="0" total="1" passed="1" failed="0" skipped="0">
  <reporter-output>
  </reporter-output>
  <suite started-at="2026-01-21T17:22:02 EET" name="Abd Automation Suite" finished-at="2026-01-21T17:22:02 EET" duration-ms="27">
    <groups>
    </groups>
    <test started-at="2026-01-21T17:22:02 EET" name="Abd Smoke Test" finished-at="2026-01-21T17:22:02 EET" duration-ms="27">
      <class name="tests.AutomationTest">
        <test-method signature="smokeTest()[pri:0, instance:tests.AutomationTest@589b3632]" started-at="2026-01-21T17:22:02 EET" name="smokeTest" finished-at="2026-01-21T17:22:02 EET" duration-ms="5" status="PASS">
          <reporter-output>
          </reporter-output>
        </test-method> <!-- smokeTest -->
      </class> <!-- tests.AutomationTest -->
    </test> <!-- Abd Smoke Test -->
  </suite> <!-- Abd Automation Suite -->
</testng-results>
